<?xml version="1.0" encoding="UTF-8" ?>
<testsuite tests="4" failures="0" name="com.example.FelineTest" time="0.008" errors="0" skipped="0">
  <properties>
[...]
</properties>
  <testcase classname="com.example.FelineTest" name="getKittensTest2" time="0.003"/>
  <testcase classname="com.example.FelineTest" name="getFamilyMeat" time="0.001"/>
  <testcase classname="com.example.FelineTest" name="getKittensTest" time="0.002"/>
  <testcase classname="com.example.FelineTest" name="eatMeatTest" time="0.002"/>
</testsuite>